#
# There is insufficient memory for the Java Runtime Environment to continue.
# Native memory allocation (malloc) failed to allocate 974656 bytes. Error detail: Chunk::new
# Possible reasons:
#   The system is out of physical RAM or swap space
#   This process is running with CompressedOops enabled, and the Java Heap may be blocking the growth of the native heap
# Possible solutions:
#   Reduce memory load on the system
#   Increase physical memory or swap space
#   Check if swap backing store is full
#   Decrease Java heap size (-Xmx/-Xms)
#   Decrease number of Java threads
#   Decrease Java thread stack sizes (-Xss)
#   Set larger code cache with -XX:ReservedCodeCacheSize=
#   JVM is running with Unscaled Compressed Oops mode in which the Java heap is
#     placed in the first 4GB address space. The Java Heap base address is the
#     maximum limit for the native heap growth. Please use -XX:HeapBaseMinAddress
#     to set the Java Heap base and to place the Java Heap above 4GB virtual address.
# This output file may be truncated or incomplete.
#
#  Out of Memory Error (arena.cpp:191), pid=18180, tid=3604
#
# JRE version: OpenJDK Runtime Environment (17.0.11) (build 17.0.11+0--11852314)
# Java VM: OpenJDK 64-Bit Server VM (17.0.11+0--11852314, mixed mode, tiered, compressed oops, compressed class ptrs, g1 gc, windows-amd64)
# No core dump will be written. Minidumps are not enabled by default on client versions of Windows
#

---------------  S U M M A R Y ------------

Command Line: --add-opens=java.base/java.util=ALL-UNNAMED --add-opens=java.base/java.lang=ALL-UNNAMED --add-opens=java.base/java.lang.invoke=ALL-UNNAMED --add-opens=java.prefs/java.util.prefs=ALL-UNNAMED --add-opens=java.base/java.nio.charset=ALL-UNNAMED --add-opens=java.base/java.net=ALL-UNNAMED --add-opens=java.base/java.util.concurrent.atomic=ALL-UNNAMED -Xmx2048m -Dfile.encoding=UTF-8 -Duser.country=PH -Duser.language=en -Duser.variant -javaagent:C:\Users\sirfe\.gradle\wrapper\dists\gradle-8.7-bin\bhs2wmbdwecv87pi65oeuq5iu\gradle-8.7\lib\agents\gradle-instrumentation-agent-8.7.jar org.gradle.launcher.daemon.bootstrap.GradleDaemon 8.7

Host: Intel(R) Core(TM) i3-1005G1 CPU @ 1.20GHz, 4 cores, 3G,  Windows 11 , 64 bit Build 22621 (10.0.22621.3958)
Time: Mon Sep 30 19:20:11 2024 Malay Peninsula Standard Time elapsed time: 40.306112 seconds (0d 0h 0m 40s)

---------------  T H R E A D  ---------------

Current thread (0x0000026328a59030):  JavaThread "C2 CompilerThread0" daemon [_thread_in_native, id=3604, stack(0x000000c3a1a00000,0x000000c3a1b00000)]


Current CompileTask:
C2:  40306 2440   !   4       java.net.URLClassLoader::findClass (47 bytes)

Stack: [0x000000c3a1a00000,0x000000c3a1b00000]
Native frames: (J=compiled Java code, j=interpreted, Vv=VM code, C=native code)
V  [jvm.dll+0x687bb9]
V  [jvm.dll+0x84142a]
V  [jvm.dll+0x8430ae]
V  [jvm.dll+0x843713]
V  [jvm.dll+0x24a35f]
V  [jvm.dll+0xac544]
V  [jvm.dll+0xacb8c]
V  [jvm.dll+0x2b194f]
V  [jvm.dll+0x58eba7]
V  [jvm.dll+0x2247e2]
V  [jvm.dll+0x224bdf]
V  [jvm.dll+0x21dd00]
V  [jvm.dll+0x21b201]
V  [jvm.dll+0x1a63ed]
V  [jvm.dll+0x22b1ee]
V  [jvm.dll+0x229375]
V  [jvm.dll+0x7f5647]
V  [jvm.dll+0x7efa4a]
V  [jvm.dll+0x686a35]
C  [ucrtbase.dll+0x29333]
C  [KERNEL32.DLL+0x1257d]
C  [ntdll.dll+0x5af28]


---------------  P R O C E S S  ---------------

Threads class SMR info:
_java_thread_list=0x000002632e7ecb10, length=25, elements={
0x000002630f48bb20, 0x0000026328a33f00, 0x0000026328a34ac0, 0x0000026328a83290,
0x0000026328a83e50, 0x0000026328a84910, 0x0000026328a852d0, 0x0000026328a59030,
0x0000026328a5a1d0, 0x000002632d06b760, 0x000002632d0e0fc0, 0x000002632d227aa0,
0x000002632df54380, 0x000002632ee24960, 0x000002632d2e9030, 0x000002632e10f2f0,
0x000002632df37030, 0x000002632eb0a7b0, 0x000002632eb04ed0, 0x000002632eb04020,
0x000002632e3c2190, 0x000002632d4bcf20, 0x000002632d4bca10, 0x000002632d4bbae0,
0x000002632d4bbff0
}

Java Threads: ( => current thread )
  0x000002630f48bb20 JavaThread "main" [_thread_blocked, id=7792, stack(0x000000c3a0d00000,0x000000c3a0e00000)]
  0x0000026328a33f00 JavaThread "Reference Handler" daemon [_thread_blocked, id=23464, stack(0x000000c3a1400000,0x000000c3a1500000)]
  0x0000026328a34ac0 JavaThread "Finalizer" daemon [_thread_blocked, id=8664, stack(0x000000c3a1500000,0x000000c3a1600000)]
  0x0000026328a83290 JavaThread "Signal Dispatcher" daemon [_thread_blocked, id=21748, stack(0x000000c3a1600000,0x000000c3a1700000)]
  0x0000026328a83e50 JavaThread "Attach Listener" daemon [_thread_blocked, id=9544, stack(0x000000c3a1700000,0x000000c3a1800000)]
  0x0000026328a84910 JavaThread "Service Thread" daemon [_thread_blocked, id=652, stack(0x000000c3a1800000,0x000000c3a1900000)]
  0x0000026328a852d0 JavaThread "Monitor Deflation Thread" daemon [_thread_blocked, id=16788, stack(0x000000c3a1900000,0x000000c3a1a00000)]
=>0x0000026328a59030 JavaThread "C2 CompilerThread0" daemon [_thread_in_native, id=3604, stack(0x000000c3a1a00000,0x000000c3a1b00000)]
  0x0000026328a5a1d0 JavaThread "C1 CompilerThread0" daemon [_thread_blocked, id=3440, stack(0x000000c3a1b00000,0x000000c3a1c00000)]
  0x000002632d06b760 JavaThread "Sweeper thread" daemon [_thread_blocked, id=6340, stack(0x000000c3a1c00000,0x000000c3a1d00000)]
  0x000002632d0e0fc0 JavaThread "Common-Cleaner" daemon [_thread_blocked, id=5672, stack(0x000000c3a1d00000,0x000000c3a1e00000)]
  0x000002632d227aa0 JavaThread "Notification Thread" daemon [_thread_blocked, id=12012, stack(0x000000c3a1e00000,0x000000c3a1f00000)]
  0x000002632df54380 JavaThread "Daemon health stats" [_thread_blocked, id=9384, stack(0x000000c3a2300000,0x000000c3a2400000)]
  0x000002632ee24960 JavaThread "Incoming local TCP Connector on port 52198" [_thread_in_native, id=22936, stack(0x000000c3a2400000,0x000000c3a2500000)]
  0x000002632d2e9030 JavaThread "Daemon periodic checks" [_thread_blocked, id=980, stack(0x000000c3a2500000,0x000000c3a2600000)]
  0x000002632e10f2f0 JavaThread "Daemon" [_thread_blocked, id=8992, stack(0x000000c3a2600000,0x000000c3a2700000)]
  0x000002632df37030 JavaThread "Handler for socket connection from /127.0.0.1:52198 to /127.0.0.1:52213" [_thread_in_native, id=22744, stack(0x000000c3a2700000,0x000000c3a2800000)]
  0x000002632eb0a7b0 JavaThread "Cancel handler" [_thread_blocked, id=6716, stack(0x000000c3a2800000,0x000000c3a2900000)]
  0x000002632eb04ed0 JavaThread "Daemon worker" [_thread_in_Java, id=8760, stack(0x000000c3a2900000,0x000000c3a2a00000)]
  0x000002632eb04020 JavaThread "Asynchronous log dispatcher for DefaultDaemonConnection: socket connection from /127.0.0.1:52198 to /127.0.0.1:52213" [_thread_blocked, id=17820, stack(0x000000c3a2a00000,0x000000c3a2b00000)]
  0x000002632e3c2190 JavaThread "Stdin handler" [_thread_blocked, id=5288, stack(0x000000c3a2b00000,0x000000c3a2c00000)]
  0x000002632d4bcf20 JavaThread "Daemon client event forwarder" [_thread_blocked, id=22940, stack(0x000000c3a2c00000,0x000000c3a2d00000)]
  0x000002632d4bca10 JavaThread "Cache worker for journal cache (C:\Users\sirfe\.gradle\caches\journal-1)" [_thread_blocked, id=22248, stack(0x000000c3a2d00000,0x000000c3a2e00000)]
  0x000002632d4bbae0 JavaThread "File lock request listener" [_thread_in_native, id=14736, stack(0x000000c3a2e00000,0x000000c3a2f00000)]
  0x000002632d4bbff0 JavaThread "Cache worker for file hash cache (C:\Users\sirfe\.gradle\caches\8.7\fileHashes)" [_thread_blocked, id=23908, stack(0x000000c3a2f00000,0x000000c3a3000000)]

Other Threads:
  0x0000026328a2ee00 VMThread "VM Thread" [stack: 0x000000c3a1300000,0x000000c3a1400000] [id=11536]
  0x000002632d275c20 WatcherThread [stack: 0x000000c3a1f00000,0x000000c3a2000000] [id=5828]
  0x000002630f4e6ff0 GCTaskThread "GC Thread#0" [stack: 0x000000c3a0e00000,0x000000c3a0f00000] [id=22660]
  0x000002632d4dbdf0 GCTaskThread "GC Thread#1" [stack: 0x000000c3a2000000,0x000000c3a2100000] [id=22784]
  0x000002632d3c0060 GCTaskThread "GC Thread#2" [stack: 0x000000c3a2100000,0x000000c3a2200000] [id=23780]
  0x000002632d41a840 GCTaskThread "GC Thread#3" [stack: 0x000000c3a2200000,0x000000c3a2300000] [id=13064]
  0x000002630f4f7f40 ConcurrentGCThread "G1 Main Marker" [stack: 0x000000c3a0f00000,0x000000c3a1000000] [id=12696]
  0x000002630f4f8960 ConcurrentGCThread "G1 Conc#0" [stack: 0x000000c3a1000000,0x000000c3a1100000] [id=16716]
  0x000002630f535490 ConcurrentGCThread "G1 Refine#0" [stack: 0x000000c3a1100000,0x000000c3a1200000] [id=17252]
  0x000002630f536660 ConcurrentGCThread "G1 Service" [stack: 0x000000c3a1200000,0x000000c3a1300000] [id=9528]

Threads with active compile tasks:
C2 CompilerThread0    40424 2440   !   4       java.net.URLClassLoader::findClass (47 bytes)

VM state: not at safepoint (normal execution)

VM Mutex/Monitor currently owned by a thread: None

Heap address: 0x0000000080000000, size: 2048 MB, Compressed Oops mode: 32-bit

CDS archive(s) not mapped
Compressed class space mapped at: 0x0000000100000000-0x0000000140000000, reserved size: 1073741824
Narrow klass base: 0x0000000000000000, Narrow klass shift: 3, Narrow klass range: 0x140000000

GC Precious Log:
 CPUs: 4 total, 4 available
 Memory: 3838M
 Large Page Support: Disabled
 NUMA Support: Disabled
 Compressed Oops: Enabled (32-bit)
 Heap Region Size: 1M
 Heap Min Capacity: 8M
 Heap Initial Capacity: 60M
 Heap Max Capacity: 2G
 Pre-touch: Disabled
 Parallel Workers: 4
 Concurrent Workers: 1
 Concurrent Refinement Workers: 4
 Periodic GC: Disabled

Heap:
 garbage-first heap   total 61440K, used 24487K [0x0000000080000000, 0x0000000100000000)
  region size 1024K, 6 young (6144K), 1 survivors (1024K)
 Metaspace       used 25900K, committed 26176K, reserved 1114112K
  class space    used 3255K, committed 3328K, reserved 1048576K

Heap Regions: E=young(eden), S=young(survivor), O=old, HS=humongous(starts), HC=humongous(continues), CS=collection set, F=free, OA=open archive, CA=closed archive, TAMS=top-at-mark-start (previous, next)
|   0|0x0000000080000000, 0x0000000080100000, 0x0000000080100000|100%| O|  |TAMS 0x0000000080100000, 0x0000000080000000| Untracked 
|   1|0x0000000080100000, 0x0000000080200000, 0x0000000080200000|100%|HS|  |TAMS 0x0000000080200000, 0x0000000080100000| Complete 
|   2|0x0000000080200000, 0x0000000080300000, 0x0000000080300000|100%|HC|  |TAMS 0x0000000080300000, 0x0000000080200000| Complete 
|   3|0x0000000080300000, 0x0000000080400000, 0x0000000080400000|100%|HC|  |TAMS 0x0000000080400000, 0x0000000080300000| Complete 
|   4|0x0000000080400000, 0x0000000080500000, 0x0000000080500000|100%|HC|  |TAMS 0x0000000080500000, 0x0000000080400000| Complete 
|   5|0x0000000080500000, 0x0000000080600000, 0x0000000080600000|100%| O|  |TAMS 0x0000000080600000, 0x0000000080500000| Untracked 
|   6|0x0000000080600000, 0x0000000080700000, 0x0000000080700000|100%| O|  |TAMS 0x0000000080700000, 0x0000000080600000| Untracked 
|   7|0x0000000080700000, 0x0000000080800000, 0x0000000080800000|100%| O|  |TAMS 0x0000000080800000, 0x0000000080700000| Untracked 
|   8|0x0000000080800000, 0x0000000080800000, 0x0000000080900000|  0%| F|  |TAMS 0x0000000080800000, 0x0000000080800000| Untracked 
|   9|0x0000000080900000, 0x0000000080a00000, 0x0000000080a00000|100%| O|  |TAMS 0x0000000080a00000, 0x0000000080900000| Untracked 
|  10|0x0000000080a00000, 0x0000000080b00000, 0x0000000080b00000|100%| O|  |TAMS 0x0000000080b00000, 0x0000000080a00000| Untracked 
|  11|0x0000000080b00000, 0x0000000080c00000, 0x0000000080c00000|100%| O|  |TAMS 0x0000000080b00000, 0x0000000080b00000| Untracked 
|  12|0x0000000080c00000, 0x0000000080d00000, 0x0000000080d00000|100%| O|  |TAMS 0x0000000080d00000, 0x0000000080c00000| Untracked 
|  13|0x0000000080d00000, 0x0000000080e00000, 0x0000000080e00000|100%| O|  |TAMS 0x0000000080dde000, 0x0000000080d00000| Untracked 
|  14|0x0000000080e00000, 0x0000000080f00000, 0x0000000080f00000|100%| O|  |TAMS 0x0000000080e00000, 0x0000000080e00000| Untracked 
|  15|0x0000000080f00000, 0x0000000081000000, 0x0000000081000000|100%| O|  |TAMS 0x0000000080f00000, 0x0000000080f00000| Untracked 
|  16|0x0000000081000000, 0x0000000081100000, 0x0000000081100000|100%| O|  |TAMS 0x0000000081000000, 0x0000000081000000| Untracked 
|  17|0x0000000081100000, 0x0000000081200000, 0x0000000081200000|100%| O|  |TAMS 0x0000000081100000, 0x0000000081100000| Untracked 
|  18|0x0000000081200000, 0x0000000081300000, 0x0000000081300000|100%| O|  |TAMS 0x0000000081200000, 0x0000000081200000| Untracked 
|  19|0x0000000081300000, 0x0000000081400000, 0x0000000081400000|100%| O|  |TAMS 0x0000000081300000, 0x0000000081300000| Untracked 
|  20|0x0000000081400000, 0x00000000814b0c00, 0x0000000081500000| 69%| O|  |TAMS 0x0000000081400000, 0x0000000081400000| Untracked 
|  21|0x0000000081500000, 0x0000000081500000, 0x0000000081600000|  0%| F|  |TAMS 0x0000000081500000, 0x0000000081500000| Untracked 
|  22|0x0000000081600000, 0x0000000081600000, 0x0000000081700000|  0%| F|  |TAMS 0x0000000081600000, 0x0000000081600000| Untracked 
|  23|0x0000000081700000, 0x0000000081700000, 0x0000000081800000|  0%| F|  |TAMS 0x0000000081700000, 0x0000000081700000| Untracked 
|  24|0x0000000081800000, 0x0000000081800000, 0x0000000081900000|  0%| F|  |TAMS 0x0000000081800000, 0x0000000081800000| Untracked 
|  25|0x0000000081900000, 0x0000000081900000, 0x0000000081a00000|  0%| F|  |TAMS 0x0000000081900000, 0x0000000081900000| Untracked 
|  26|0x0000000081a00000, 0x0000000081a00000, 0x0000000081b00000|  0%| F|  |TAMS 0x0000000081a00000, 0x0000000081a00000| Untracked 
|  27|0x0000000081b00000, 0x0000000081b00000, 0x0000000081c00000|  0%| F|  |TAMS 0x0000000081b00000, 0x0000000081b00000| Untracked 
|  28|0x0000000081c00000, 0x0000000081c00000, 0x0000000081d00000|  0%| F|  |TAMS 0x0000000081c00000, 0x0000000081c00000| Untracked 
|  29|0x0000000081d00000, 0x0000000081d00000, 0x0000000081e00000|  0%| F|  |TAMS 0x0000000081d00000, 0x0000000081d00000| Untracked 
|  30|0x0000000081e00000, 0x0000000081e00000, 0x0000000081f00000|  0%| F|  |TAMS 0x0000000081e00000, 0x0000000081e00000| Untracked 
|  31|0x0000000081f00000, 0x0000000081f00000, 0x0000000082000000|  0%| F|  |TAMS 0x0000000081f00000, 0x0000000081f00000| Untracked 
|  32|0x0000000082000000, 0x0000000082000000, 0x0000000082100000|  0%| F|  |TAMS 0x0000000082000000, 0x0000000082000000| Untracked 
|  33|0x0000000082100000, 0x0000000082100000, 0x0000000082200000|  0%| F|  |TAMS 0x0000000082100000, 0x0000000082100000| Untracked 
|  34|0x0000000082200000, 0x0000000082200000, 0x0000000082300000|  0%| F|  |TAMS 0x0000000082200000, 0x0000000082200000| Untracked 
|  35|0x0000000082300000, 0x0000000082300000, 0x0000000082400000|  0%| F|  |TAMS 0x0000000082300000, 0x0000000082300000| Untracked 
|  36|0x0000000082400000, 0x0000000082400000, 0x0000000082500000|  0%| F|  |TAMS 0x0000000082400000, 0x0000000082400000| Untracked 
|  37|0x0000000082500000, 0x0000000082500000, 0x0000000082600000|  0%| F|  |TAMS 0x0000000082500000, 0x0000000082500000| Untracked 
|  38|0x0000000082600000, 0x0000000082600000, 0x0000000082700000|  0%| F|  |TAMS 0x0000000082600000, 0x0000000082600000| Untracked 
|  39|0x0000000082700000, 0x0000000082700000, 0x0000000082800000|  0%| F|  |TAMS 0x0000000082700000, 0x0000000082700000| Untracked 
|  40|0x0000000082800000, 0x0000000082800000, 0x0000000082900000|  0%| F|  |TAMS 0x0000000082800000, 0x0000000082800000| Untracked 
|  41|0x0000000082900000, 0x0000000082900000, 0x0000000082a00000|  0%| F|  |TAMS 0x0000000082900000, 0x0000000082900000| Untracked 
|  42|0x0000000082a00000, 0x0000000082a00000, 0x0000000082b00000|  0%| F|  |TAMS 0x0000000082a00000, 0x0000000082a00000| Untracked 
|  43|0x0000000082b00000, 0x0000000082b00000, 0x0000000082c00000|  0%| F|  |TAMS 0x0000000082b00000, 0x0000000082b00000| Untracked 
|  44|0x0000000082c00000, 0x0000000082c00000, 0x0000000082d00000|  0%| F|  |TAMS 0x0000000082c00000, 0x0000000082c00000| Untracked 
|  45|0x0000000082d00000, 0x0000000082d00000, 0x0000000082e00000|  0%| F|  |TAMS 0x0000000082d00000, 0x0000000082d00000| Untracked 
|  46|0x0000000082e00000, 0x0000000082e00000, 0x0000000082f00000|  0%| F|  |TAMS 0x0000000082e00000, 0x0000000082e00000| Untracked 
|  47|0x0000000082f00000, 0x0000000082f00000, 0x0000000083000000|  0%| F|  |TAMS 0x0000000082f00000, 0x0000000082f00000| Untracked 
|  48|0x0000000083000000, 0x0000000083000000, 0x0000000083100000|  0%| F|  |TAMS 0x0000000083000000, 0x0000000083000000| Untracked 
|  49|0x0000000083100000, 0x0000000083100000, 0x0000000083200000|  0%| F|  |TAMS 0x0000000083100000, 0x0000000083100000| Untracked 
|  50|0x0000000083200000, 0x0000000083200000, 0x0000000083300000|  0%| F|  |TAMS 0x0000000083200000, 0x0000000083200000| Untracked 
|  51|0x0000000083300000, 0x0000000083300000, 0x0000000083400000|  0%| F|  |TAMS 0x0000000083300000, 0x0000000083300000| Untracked 
|  52|0x0000000083400000, 0x0000000083400000, 0x0000000083500000|  0%| F|  |TAMS 0x0000000083400000, 0x0000000083400000| Untracked 
|  53|0x0000000083500000, 0x0000000083500000, 0x0000000083600000|  0%| F|  |TAMS 0x0000000083500000, 0x0000000083500000| Untracked 
|  54|0x0000000083600000, 0x00000000836fb738, 0x0000000083700000| 98%| E|  |TAMS 0x0000000083600000, 0x0000000083600000| Complete 
|  55|0x0000000083700000, 0x0000000083800000, 0x0000000083800000|100%| E|CS|TAMS 0x0000000083700000, 0x0000000083700000| Complete 
|  56|0x0000000083800000, 0x0000000083900000, 0x0000000083900000|100%| E|CS|TAMS 0x0000000083800000, 0x0000000083800000| Complete 
|  57|0x0000000083900000, 0x0000000083a00000, 0x0000000083a00000|100%| E|CS|TAMS 0x0000000083900000, 0x0000000083900000| Complete 
|  58|0x0000000083a00000, 0x0000000083a393e0, 0x0000000083b00000| 22%| S|CS|TAMS 0x0000000083a00000, 0x0000000083a00000| Complete 
|  59|0x0000000083b00000, 0x0000000083c00000, 0x0000000083c00000|100%| E|CS|TAMS 0x0000000083b00000, 0x0000000083b00000| Complete 

Card table byte_map: [0x0000026321d60000,0x0000026322160000] _byte_map_base: 0x0000026321960000

Marking Bits (Prev, Next): (CMBitMap*) 0x000002630f4e7650, (CMBitMap*) 0x000002630f4e7610
 Prev Bits: [0x0000026324560000, 0x0000026326560000)
 Next Bits: [0x0000026322560000, 0x0000026324560000)

Polling page: 0x000002630d3d0000

Metaspace:

Usage:
  Non-class:     22.11 MB used.
      Class:      3.18 MB used.
       Both:     25.29 MB used.

Virtual space:
  Non-class space:       64.00 MB reserved,      22.31 MB ( 35%) committed,  1 nodes.
      Class space:        1.00 GB reserved,       3.25 MB ( <1%) committed,  1 nodes.
             Both:        1.06 GB reserved,      25.56 MB (  2%) committed. 

Chunk freelists:
   Non-Class:  9.73 MB
       Class:  12.56 MB
        Both:  22.30 MB

MaxMetaspaceSize: unlimited
CompressedClassSpaceSize: 1.00 GB
Initial GC threshold: 21.00 MB
Current GC threshold: 35.12 MB
CDS: off
MetaspaceReclaimPolicy: balanced
 - commit_granule_bytes: 65536.
 - commit_granule_words: 8192.
 - virtual_space_node_default_size: 8388608.
 - enlarge_chunks_in_place: 1.
 - new_chunks_are_fully_committed: 0.
 - uncommit_free_chunks: 1.
 - use_allocation_guard: 0.
 - handle_deallocations: 1.


Internal statistics:

num_allocs_failed_limit: 3.
num_arena_births: 204.
num_arena_deaths: 0.
num_vsnodes_births: 2.
num_vsnodes_deaths: 0.
num_space_committed: 409.
num_space_uncommitted: 0.
num_chunks_returned_to_freelist: 3.
num_chunks_taken_from_freelist: 762.
num_chunk_merges: 3.
num_chunk_splits: 499.
num_chunks_enlarged: 369.
num_inconsistent_stats: 0.

CodeHeap 'non-profiled nmethods': size=120000Kb used=1304Kb max_used=1304Kb free=118695Kb
 bounds [0x000002631a430000, 0x000002631a6a0000, 0x0000026321960000]
CodeHeap 'profiled nmethods': size=120000Kb used=4979Kb max_used=4979Kb free=115020Kb
 bounds [0x0000026312960000, 0x0000026312e40000, 0x0000026319e90000]
CodeHeap 'non-nmethods': size=5760Kb used=1242Kb max_used=1284Kb free=4517Kb
 bounds [0x0000026319e90000, 0x000002631a100000, 0x000002631a430000]
 total_blobs=2981 nmethods=2442 adapters=451
 compilation: enabled
              stopped_count=0, restarted_count=0
 full_count=0

Compilation events (20 events):
Event: 39.984 Thread 0x0000026328a59030 nmethod 2432 0x000002631a573710 code [0x000002631a573880, 0x000002631a573978]
Event: 40.006 Thread 0x0000026328a59030 2433   !   4       jdk.internal.ref.PhantomCleanable::insert (53 bytes)
Event: 40.009 Thread 0x0000026328a5a1d0 2435       3       com.google.common.collect.UnmodifiableIterator::<init> (5 bytes)
Event: 40.009 Thread 0x0000026328a5a1d0 nmethod 2435 0x0000026312e3a110 code [0x0000026312e3a2a0, 0x0000026312e3a3f8]
Event: 40.011 Thread 0x0000026328a59030 nmethod 2433 0x000002631a573a10 code [0x000002631a573ba0, 0x000002631a574118]
Event: 40.011 Thread 0x0000026328a59030 2434       4       jdk.internal.ref.PhantomCleanable::<init> (49 bytes)
Event: 40.013 Thread 0x0000026328a5a1d0 2436       3       java.util.ArrayList::grow (11 bytes)
Event: 40.013 Thread 0x0000026328a5a1d0 nmethod 2436 0x0000026312e3a490 code [0x0000026312e3a620, 0x0000026312e3a768]
Event: 40.020 Thread 0x0000026328a59030 nmethod 2434 0x000002631a574210 code [0x000002631a5743a0, 0x000002631a574d78]
Event: 40.029 Thread 0x0000026328a59030 2437       4       java.lang.ClassNotFoundException::<init> (7 bytes)
Event: 40.033 Thread 0x0000026328a59030 nmethod 2437 0x000002631a575090 code [0x000002631a575220, 0x000002631a575908]
Event: 40.060 Thread 0x0000026328a5a1d0 2438       3       java.lang.Class::privateGetDeclaredConstructors (79 bytes)
Event: 40.060 Thread 0x0000026328a5a1d0 nmethod 2438 0x0000026312e3a810 code [0x0000026312e3aa00, 0x0000026312e3af48]
Event: 40.079 Thread 0x0000026328a59030 2439       4       java.lang.invoke.MethodType::hashCode (53 bytes)
Event: 40.082 Thread 0x0000026328a59030 nmethod 2439 0x000002631a575a90 code [0x000002631a575c20, 0x000002631a575dd8]
Event: 40.103 Thread 0x0000026328a59030 2440   !   4       java.net.URLClassLoader::findClass (47 bytes)
Event: 40.117 Thread 0x0000026328a5a1d0 2442       3       com.google.common.base.Preconditions::checkArgument (28 bytes)
Event: 40.117 Thread 0x0000026328a5a1d0 nmethod 2442 0x0000026312e3b110 code [0x0000026312e3b300, 0x0000026312e3b8f8]
Event: 40.117 Thread 0x0000026328a5a1d0 2443       3       com.google.common.io.BaseEncoding$Alphabet::encode (7 bytes)
Event: 40.118 Thread 0x0000026328a5a1d0 nmethod 2443 0x0000026312e3bb10 code [0x0000026312e3bca0, 0x0000026312e3bdd8]

GC Heap History (14 events):
Event: 3.948 GC heap before
{Heap before GC invocations=0 (full 0):
 garbage-first heap   total 61440K, used 12288K [0x0000000080000000, 0x0000000100000000)
  region size 1024K, 13 young (13312K), 0 survivors (0K)
 Metaspace       used 7686K, committed 7872K, reserved 1114112K
  class space    used 676K, committed 768K, reserved 1048576K
}
Event: 3.954 GC heap after
{Heap after GC invocations=1 (full 0):
 garbage-first heap   total 61440K, used 2864K [0x0000000080000000, 0x0000000100000000)
  region size 1024K, 2 young (2048K), 2 survivors (2048K)
 Metaspace       used 7686K, committed 7872K, reserved 1114112K
  class space    used 676K, committed 768K, reserved 1048576K
}
Event: 7.515 GC heap before
{Heap before GC invocations=1 (full 0):
 garbage-first heap   total 61440K, used 22320K [0x0000000080000000, 0x0000000100000000)
  region size 1024K, 18 young (18432K), 2 survivors (2048K)
 Metaspace       used 11378K, committed 11520K, reserved 1114112K
  class space    used 1195K, committed 1280K, reserved 1048576K
}
Event: 7.529 GC heap after
{Heap after GC invocations=2 (full 0):
 garbage-first heap   total 61440K, used 10827K [0x0000000080000000, 0x0000000100000000)
  region size 1024K, 3 young (3072K), 3 survivors (3072K)
 Metaspace       used 11378K, committed 11520K, reserved 1114112K
  class space    used 1195K, committed 1280K, reserved 1048576K
}
Event: 8.793 GC heap before
{Heap before GC invocations=2 (full 0):
 garbage-first heap   total 61440K, used 30283K [0x0000000080000000, 0x0000000100000000)
  region size 1024K, 22 young (22528K), 3 survivors (3072K)
 Metaspace       used 11492K, committed 11648K, reserved 1114112K
  class space    used 1199K, committed 1280K, reserved 1048576K
}
Event: 8.797 GC heap after
{Heap after GC invocations=3 (full 0):
 garbage-first heap   total 61440K, used 11487K [0x0000000080000000, 0x0000000100000000)
  region size 1024K, 1 young (1024K), 1 survivors (1024K)
 Metaspace       used 11492K, committed 11648K, reserved 1114112K
  class space    used 1199K, committed 1280K, reserved 1048576K
}
Event: 11.140 GC heap before
{Heap before GC invocations=3 (full 0):
 garbage-first heap   total 61440K, used 43231K [0x0000000080000000, 0x0000000100000000)
  region size 1024K, 31 young (31744K), 1 survivors (1024K)
 Metaspace       used 15795K, committed 16000K, reserved 1114112K
  class space    used 1767K, committed 1856K, reserved 1048576K
}
Event: 11.155 GC heap after
{Heap after GC invocations=4 (full 0):
 garbage-first heap   total 61440K, used 17272K [0x0000000080000000, 0x0000000100000000)
  region size 1024K, 4 young (4096K), 4 survivors (4096K)
 Metaspace       used 15795K, committed 16000K, reserved 1114112K
  class space    used 1767K, committed 1856K, reserved 1048576K
}
Event: 30.465 GC heap before
{Heap before GC invocations=4 (full 0):
 garbage-first heap   total 61440K, used 36728K [0x0000000080000000, 0x0000000100000000)
  region size 1024K, 24 young (24576K), 4 survivors (4096K)
 Metaspace       used 21248K, committed 21504K, reserved 1114112K
  class space    used 2489K, committed 2624K, reserved 1048576K
}
Event: 30.498 GC heap after
{Heap after GC invocations=5 (full 0):
 garbage-first heap   total 61440K, used 19261K [0x0000000080000000, 0x0000000100000000)
  region size 1024K, 2 young (2048K), 2 survivors (2048K)
 Metaspace       used 21248K, committed 21504K, reserved 1114112K
  class space    used 2489K, committed 2624K, reserved 1048576K
}
Event: 39.481 GC heap before
{Heap before GC invocations=6 (full 0):
 garbage-first heap   total 61440K, used 40765K [0x0000000080000000, 0x0000000100000000)
  region size 1024K, 23 young (23552K), 2 survivors (2048K)
 Metaspace       used 24938K, committed 25216K, reserved 1114112K
  class space    used 3074K, committed 3200K, reserved 1048576K
}
Event: 39.506 GC heap after
{Heap after GC invocations=7 (full 0):
 garbage-first heap   total 61440K, used 20318K [0x0000000080000000, 0x0000000100000000)
  region size 1024K, 2 young (2048K), 2 survivors (2048K)
 Metaspace       used 24938K, committed 25216K, reserved 1114112K
  class space    used 3074K, committed 3200K, reserved 1048576K
}
Event: 39.807 GC heap before
{Heap before GC invocations=7 (full 0):
 garbage-first heap   total 61440K, used 21342K [0x0000000080000000, 0x0000000100000000)
  region size 1024K, 3 young (3072K), 2 survivors (2048K)
 Metaspace       used 25102K, committed 25408K, reserved 1114112K
  class space    used 3108K, committed 3200K, reserved 1048576K
}
Event: 39.814 GC heap after
{Heap after GC invocations=8 (full 0):
 garbage-first heap   total 61440K, used 20391K [0x0000000080000000, 0x0000000100000000)
  region size 1024K, 1 young (1024K), 1 survivors (1024K)
 Metaspace       used 25102K, committed 25408K, reserved 1114112K
  class space    used 3108K, committed 3200K, reserved 1048576K
}

Dll operation events (3 events):
Event: 0.114 Loaded shared library C:\Program Files\Android\Android Studio\jbr\bin\java.dll
Event: 1.125 Loaded shared library C:\Program Files\Android\Android Studio\jbr\bin\zip.dll
Event: 4.026 Loaded shared library C:\Program Files\Android\Android Studio\jbr\bin\verify.dll

Deoptimization events (20 events):
Event: 30.560 Thread 0x000002632eb04ed0 Uncommon trap: trap_request=0xffffff45 fr.pc=0x000002631a4e916c relative=0x00000000000003ac
Event: 30.560 Thread 0x000002632eb04ed0 Uncommon trap: reason=unstable_if action=reinterpret pc=0x000002631a4e916c method=java.util.concurrent.ConcurrentHashMap.get(Ljava/lang/Object;)Ljava/lang/Object; @ 76 c2
Event: 30.560 Thread 0x000002632eb04ed0 DEOPT PACKING pc=0x000002631a4e916c sp=0x000000c3a29fb810
Event: 30.561 Thread 0x000002632eb04ed0 DEOPT UNPACKING pc=0x0000026319eea1a3 sp=0x000000c3a29fb788 mode 2
Event: 37.711 Thread 0x000002632eb04ed0 Uncommon trap: trap_request=0xffffff45 fr.pc=0x000002631a452818 relative=0x0000000000000b98
Event: 37.711 Thread 0x000002632eb04ed0 Uncommon trap: reason=unstable_if action=reinterpret pc=0x000002631a452818 method=java.io.WinNTFileSystem.resolve(Ljava/lang/String;Ljava/lang/String;)Ljava/lang/String; @ 19 c2
Event: 37.711 Thread 0x000002632eb04ed0 DEOPT PACKING pc=0x000002631a452818 sp=0x000000c3a29fb670
Event: 37.711 Thread 0x000002632eb04ed0 DEOPT UNPACKING pc=0x0000026319eea1a3 sp=0x000000c3a29fb618 mode 2
Event: 37.721 Thread 0x000002632eb04ed0 Uncommon trap: trap_request=0xffffff45 fr.pc=0x000002631a4a8350 relative=0x0000000000000610
Event: 37.721 Thread 0x000002632eb04ed0 Uncommon trap: reason=unstable_if action=reinterpret pc=0x000002631a4a8350 method=java.io.File.getName()Ljava/lang/String; @ 16 c2
Event: 37.722 Thread 0x000002632eb04ed0 DEOPT PACKING pc=0x000002631a4a8350 sp=0x000000c3a29fb610
Event: 37.722 Thread 0x000002632eb04ed0 DEOPT UNPACKING pc=0x0000026319eea1a3 sp=0x000000c3a29fb5e0 mode 2
Event: 39.172 Thread 0x000002632eb04ed0 Uncommon trap: trap_request=0xffffff45 fr.pc=0x000002631a4576f4 relative=0x00000000000000d4
Event: 39.172 Thread 0x000002632eb04ed0 Uncommon trap: reason=unstable_if action=reinterpret pc=0x000002631a4576f4 method=java.util.HashMap.hash(Ljava/lang/Object;)I @ 1 c2
Event: 39.172 Thread 0x000002632eb04ed0 DEOPT PACKING pc=0x000002631a4576f4 sp=0x000000c3a29fc380
Event: 39.172 Thread 0x000002632eb04ed0 DEOPT UNPACKING pc=0x0000026319eea1a3 sp=0x000000c3a29fc2c0 mode 2
Event: 39.512 Thread 0x000002632eb04ed0 Uncommon trap: trap_request=0xffffff45 fr.pc=0x000002631a4e5b5c relative=0x000000000000073c
Event: 39.512 Thread 0x000002632eb04ed0 Uncommon trap: reason=unstable_if action=reinterpret pc=0x000002631a4e5b5c method=java.util.ArrayList.grow(I)[Ljava/lang/Object; @ 17 c2
Event: 39.512 Thread 0x000002632eb04ed0 DEOPT PACKING pc=0x000002631a4e5b5c sp=0x000000c3a29fcfd0
Event: 39.512 Thread 0x000002632eb04ed0 DEOPT UNPACKING pc=0x0000026319eea1a3 sp=0x000000c3a29fce68 mode 2

Classes unloaded (0 events):
No events

Classes redefined (0 events):
No events

Internal exceptions (20 events):
Event: 31.543 Thread 0x000002632eb04ed0 Exception <a 'java/lang/NoSuchMethodError'{0x00000000839576e0}: 'void java.lang.invoke.DirectMethodHandle$Holder.invokeSpecial(java.lang.Object, java.lang.Object, java.lang.Object)'> (0x00000000839576e0) 
thrown [s\src\hotspot\share\interpreter\linkResolver.cpp, line 771]
Event: 31.947 Thread 0x000002632eb04ed0 Exception <a 'java/lang/NoSuchMethodError'{0x000000008380fb90}: 'java.lang.Object java.lang.invoke.DirectMethodHandle$Holder.newInvokeSpecial(java.lang.Object, java.lang.Object, java.lang.Object, java.lang.Object, java.lang.Object, java.lang.Object)'> (0x000000008380fb90) 
thrown [s\src\hotspot\share\interpreter\linkResolver.cpp, line 771]
Event: 31.950 Thread 0x000002632eb04ed0 Exception <a 'java/lang/NoSuchMethodError'{0x00000000838277d0}: 'void java.lang.invoke.DirectMethodHandle$Holder.invokeSpecial(java.lang.Object, java.lang.Object, java.lang.Object, java.lang.Object, java.lang.Object)'> (0x00000000838277d0) 
thrown [s\src\hotspot\share\interpreter\linkResolver.cpp, line 771]
Event: 31.954 Thread 0x000002632eb04ed0 Exception <a 'java/lang/NoSuchMethodError'{0x000000008383ba20}: 'void java.lang.invoke.DirectMethodHandle$Holder.invokeStaticInit(java.lang.Object, java.lang.Object)'> (0x000000008383ba20) 
thrown [s\src\hotspot\share\interpreter\linkResolver.cpp, line 771]
Event: 33.934 Thread 0x000002632eb04ed0 Exception <a 'java/lang/NoSuchMethodError'{0x000000008350b910}: 'void java.lang.invoke.DelegatingMethodHandle$Holder.reinvoke_L(java.lang.Object, java.lang.Object, java.lang.Object, java.lang.Object, java.lang.Object, java.lang.Object, java.lang.Object, java.lang.Object, java.lang.Object, java.lang.Object)'> (0x000000008350b910) 
thrown [s\src\hotspot\share\interpreter\linkResolver.cpp, line 771]
Event: 33.939 Thread 0x000002632eb04ed0 Exception <a 'java/lang/NoSuchMethodError'{0x0000000083513ec0}: 'java.lang.Object java.lang.invoke.DirectMethodHandle$Holder.invokeSpecial(java.lang.Object, java.lang.Object, java.lang.Object, java.lang.Object, java.lang.Object, java.lang.Object, java.lang.Object, java.lang.Object, java.lang.Object, java.lang.Object)'> (0x0000000083513ec0) 
thrown [s\src\hotspot\share\interpreter\linkResolver.cpp, line 771]
Event: 33.941 Thread 0x000002632eb04ed0 Exception <a 'java/lang/NoSuchMethodError'{0x0000000083518790}: 'java.lang.Object java.lang.invoke.Invokers$Holder.invoker(java.lang.Object, java.lang.Object, java.lang.Object, java.lang.Object, java.lang.Object, java.lang.Object, java.lang.Object, java.lang.Object, java.lang.Object, java.lang.Object)'> (0x0000000083518790) 
thrown [s\src\hotspot\share\interpreter\linkResolver.cpp, line 771]
Event: 33.943 Thread 0x000002632eb04ed0 Exception <a 'java/lang/NoSuchMethodError'{0x000000008351e398}: 'java.lang.Object java.lang.invoke.DirectMethodHandle$Holder.invokeSpecial(java.lang.Object, java.lang.Object, java.lang.Object, java.lang.Object, java.lang.Object, java.lang.Object, java.lang.Object, java.lang.Object, java.lang.Object, java.lang.Object, java.lang.Object)'> (0x000000008351e398) 
thrown [s\src\hotspot\share\interpreter\linkResolver.cpp, line 771]
Event: 37.208 Thread 0x000002632eb04ed0 Exception <a 'java/lang/NoSuchMethodError'{0x0000000082f080f0}: 'void java.lang.invoke.DirectMethodHandle$Holder.invokeStaticInit(java.lang.Object)'> (0x0000000082f080f0) 
thrown [s\src\hotspot\share\interpreter\linkResolver.cpp, line 771]
Event: 37.283 Thread 0x000002632eb04ed0 Exception <a 'java/lang/NoSuchMethodError'{0x0000000082fbbfe8}: 'java.lang.Object java.lang.invoke.DirectMethodHandle$Holder.newInvokeSpecial(java.lang.Object, java.lang.Object, java.lang.Object, int)'> (0x0000000082fbbfe8) 
thrown [s\src\hotspot\share\interpreter\linkResolver.cpp, line 771]
Event: 37.285 Thread 0x000002632eb04ed0 Exception <a 'java/lang/NoSuchMethodError'{0x0000000082fc0ba8}: 'java.lang.Object java.lang.invoke.DirectMethodHandle$Holder.invokeSpecial(java.lang.Object, java.lang.Object, java.lang.Object, java.lang.Object, int)'> (0x0000000082fc0ba8) 
thrown [s\src\hotspot\share\interpreter\linkResolver.cpp, line 771]
Event: 37.286 Thread 0x000002632eb04ed0 Exception <a 'java/lang/NoSuchMethodError'{0x0000000082fc4cc0}: 'java.lang.Object java.lang.invoke.Invokers$Holder.linkToTargetMethod(java.lang.Object, java.lang.Object, int, java.lang.Object)'> (0x0000000082fc4cc0) 
thrown [s\src\hotspot\share\interpreter\linkResolver.cpp, line 771]
Event: 38.449 Thread 0x000002632eb04ed0 Exception <a 'java/lang/NoSuchMethodError'{0x0000000082bf5e70}: 'int java.lang.invoke.DirectMethodHandle$Holder.invokeVirtual(java.lang.Object, java.lang.Object, java.lang.Object)'> (0x0000000082bf5e70) 
thrown [s\src\hotspot\share\interpreter\linkResolver.cpp, line 771]
Event: 39.013 Thread 0x000002632eb04ed0 Exception <a 'java/lang/NoSuchMethodError'{0x0000000082afc440}: 'int java.lang.invoke.DirectMethodHandle$Holder.invokeSpecialIFC(java.lang.Object, java.lang.Object, java.lang.Object, java.lang.Object)'> (0x0000000082afc440) 
thrown [s\src\hotspot\share\interpreter\linkResolver.cpp, line 771]
Event: 39.056 Thread 0x000002632eb04ed0 Exception <a 'java/lang/NoSuchMethodError'{0x000000008290bb80}: 'java.lang.Object java.lang.invoke.DirectMethodHandle$Holder.invokeInterface(java.lang.Object, java.lang.Object, java.lang.Object)'> (0x000000008290bb80) 
thrown [s\src\hotspot\share\interpreter\linkResolver.cpp, line 771]
Event: 39.056 Thread 0x000002632eb04ed0 Exception <a 'java/lang/IncompatibleClassChangeError'{0x000000008290f798}: Found class java.lang.Object, but interface was expected> (0x000000008290f798) 
thrown [s\src\hotspot\share\interpreter\linkResolver.cpp, line 838]
Event: 39.172 Thread 0x000002632eb04ed0 Implicit null exception at 0x000002631a457658 to 0x000002631a4576ea
Event: 39.293 Thread 0x000002632eb04ed0 Exception <a 'java/lang/NoSuchMethodError'{0x00000000828ee490}: 'int java.lang.invoke.DirectMethodHandle$Holder.invokeStatic(java.lang.Object, java.lang.Object, java.lang.Object, java.lang.Object)'> (0x00000000828ee490) 
thrown [s\src\hotspot\share\interpreter\linkResolver.cpp, line 771]
Event: 39.295 Thread 0x000002632eb04ed0 Exception <a 'java/lang/NoSuchMethodError'{0x00000000828f20b8}: 'java.lang.Object java.lang.invoke.Invokers$Holder.invokeExact_MT(java.lang.Object, java.lang.Object, java.lang.Object, java.lang.Object, java.lang.Object, java.lang.Object)'> (0x00000000828f20b8) 
thrown [s\src\hotspot\share\interpreter\linkResolver.cpp, line 771]
Event: 39.898 Thread 0x000002632eb04ed0 Exception <a 'java/lang/IncompatibleClassChangeError'{0x0000000083bf6890}: Found class java.lang.Object, but interface was expected> (0x0000000083bf6890) 
thrown [s\src\hotspot\share\interpreter\linkResolver.cpp, line 838]

VM Operations (20 events):
Event: 33.639 Executing VM operation: HandshakeAllThreads
Event: 33.640 Executing VM operation: HandshakeAllThreads done
Event: 34.653 Executing VM operation: Cleanup
Event: 34.671 Executing VM operation: Cleanup done
Event: 35.682 Executing VM operation: Cleanup
Event: 35.683 Executing VM operation: Cleanup done
Event: 36.696 Executing VM operation: Cleanup
Event: 36.697 Executing VM operation: Cleanup done
Event: 37.710 Executing VM operation: Cleanup
Event: 37.711 Executing VM operation: Cleanup done
Event: 38.754 Executing VM operation: Cleanup
Event: 38.839 Executing VM operation: Cleanup done
Event: 39.479 Executing VM operation: G1CollectForAllocation
Event: 39.507 Executing VM operation: G1CollectForAllocation done
Event: 39.807 Executing VM operation: G1CollectForAllocation
Event: 39.815 Executing VM operation: G1CollectForAllocation done
Event: 39.843 Executing VM operation: HandshakeAllThreads
Event: 39.843 Executing VM operation: HandshakeAllThreads done
Event: 39.844 Executing VM operation: HandshakeAllThreads
Event: 39.844 Executing VM operation: HandshakeAllThreads done

Events (20 events):
Event: 37.719 loading class java/io/File$TempDirectory
Event: 37.720 loading class java/io/File$TempDirectory done
Event: 37.737 loading class java/io/PrintWriter
Event: 37.738 loading class java/io/PrintWriter done
Event: 37.843 loading class java/nio/file/FileVisitor
Event: 37.846 loading class java/nio/file/FileVisitor done
Event: 37.855 loading class java/io/FilenameFilter
Event: 37.858 loading class java/io/FilenameFilter done
Event: 37.859 loading class java/util/zip/CheckedInputStream
Event: 37.861 loading class java/util/zip/CheckedInputStream done
Event: 38.923 loading class java/util/concurrent/Semaphore
Event: 38.932 loading class java/util/concurrent/Semaphore done
Event: 38.998 loading class java/nio/file/FileVisitOption
Event: 39.003 loading class java/nio/file/FileVisitOption done
Event: 39.057 loading class java/util/stream/ReduceOps$1
Event: 39.060 loading class java/util/stream/ReduceOps$1 done
Event: 39.060 loading class java/util/stream/ReduceOps$1ReducingSink
Event: 39.062 loading class java/util/stream/ReduceOps$1ReducingSink done
Event: 39.969 loading class java/util/Collections$2
Event: 39.971 loading class java/util/Collections$2 done


Dynamic libraries:
0x00007ff6ba080000 - 0x00007ff6ba08a000 	C:\Program Files\Android\Android Studio\jbr\bin\java.exe
0x00007ffe9f510000 - 0x00007ffe9f727000 	C:\WINDOWS\SYSTEM32\ntdll.dll
0x00007ffe9e160000 - 0x00007ffe9e224000 	C:\WINDOWS\System32\KERNEL32.DLL
0x00007ffe9ccb0000 - 0x00007ffe9d05d000 	C:\WINDOWS\System32\KERNELBASE.dll
0x00007ffe9cb90000 - 0x00007ffe9cca1000 	C:\WINDOWS\System32\ucrtbase.dll
0x00007ffe89fc0000 - 0x00007ffe89fd7000 	C:\Program Files\Android\Android Studio\jbr\bin\jli.dll
0x00007ffe93740000 - 0x00007ffe9375b000 	C:\Program Files\Android\Android Studio\jbr\bin\VCRUNTIME140.dll
0x00007ffe9dbd0000 - 0x00007ffe9dd7e000 	C:\WINDOWS\System32\USER32.dll
0x00007ffe9d0e0000 - 0x00007ffe9d106000 	C:\WINDOWS\System32\win32u.dll
0x00007ffe9e230000 - 0x00007ffe9e259000 	C:\WINDOWS\System32\GDI32.dll
0x00007ffe9c830000 - 0x00007ffe9c949000 	C:\WINDOWS\System32\gdi32full.dll
0x00007ffe9c950000 - 0x00007ffe9c9ea000 	C:\WINDOWS\System32\msvcp_win.dll
0x00007ffe82890000 - 0x00007ffe82b23000 	C:\WINDOWS\WinSxS\amd64_microsoft.windows.common-controls_6595b64144ccf1df_6.0.22621.3672_none_2713b9d173822955\COMCTL32.dll
0x00007ffe9e7c0000 - 0x00007ffe9e867000 	C:\WINDOWS\System32\msvcrt.dll
0x00007ffe9e930000 - 0x00007ffe9e961000 	C:\WINDOWS\System32\IMM32.DLL
0x00007ffe963f0000 - 0x00007ffe963fc000 	C:\Program Files\Android\Android Studio\jbr\bin\vcruntime140_1.dll
0x00007ffe65e50000 - 0x00007ffe65edd000 	C:\Program Files\Android\Android Studio\jbr\bin\msvcp140.dll
0x00007ffe50340000 - 0x00007ffe50fc3000 	C:\Program Files\Android\Android Studio\jbr\bin\server\jvm.dll
0x00007ffe9ef40000 - 0x00007ffe9eff2000 	C:\WINDOWS\System32\ADVAPI32.dll
0x00007ffe9f210000 - 0x00007ffe9f2b9000 	C:\WINDOWS\System32\sechost.dll
0x00007ffe9c9f0000 - 0x00007ffe9ca18000 	C:\WINDOWS\System32\bcrypt.dll
0x00007ffe9f3b0000 - 0x00007ffe9f4c4000 	C:\WINDOWS\System32\RPCRT4.dll
0x00007ffe9c700000 - 0x00007ffe9c74d000 	C:\WINDOWS\SYSTEM32\POWRPROF.dll
0x00007ffe8a8f0000 - 0x00007ffe8a8f9000 	C:\WINDOWS\SYSTEM32\WSOCK32.dll
0x00007ffe96420000 - 0x00007ffe96454000 	C:\WINDOWS\SYSTEM32\WINMM.dll
0x00007ffe94f50000 - 0x00007ffe94f5a000 	C:\WINDOWS\SYSTEM32\VERSION.dll
0x00007ffe9e260000 - 0x00007ffe9e2d1000 	C:\WINDOWS\System32\WS2_32.dll
0x00007ffe9c6e0000 - 0x00007ffe9c6f3000 	C:\WINDOWS\SYSTEM32\UMPDC.dll
0x00007ffe9b840000 - 0x00007ffe9b858000 	C:\WINDOWS\SYSTEM32\kernel.appcore.dll
0x00007ffe981d0000 - 0x00007ffe981da000 	C:\Program Files\Android\Android Studio\jbr\bin\jimage.dll
0x00007ffe9a130000 - 0x00007ffe9a362000 	C:\WINDOWS\SYSTEM32\DBGHELP.DLL
0x00007ffe9e970000 - 0x00007ffe9ecfe000 	C:\WINDOWS\System32\combase.dll
0x00007ffe9ee60000 - 0x00007ffe9ef37000 	C:\WINDOWS\System32\OLEAUT32.dll
0x00007ffe95a70000 - 0x00007ffe95aa2000 	C:\WINDOWS\SYSTEM32\dbgcore.DLL
0x00007ffe9d060000 - 0x00007ffe9d0db000 	C:\WINDOWS\System32\bcryptPrimitives.dll
0x00007ffe8a5a0000 - 0x00007ffe8a5ae000 	C:\Program Files\Android\Android Studio\jbr\bin\instrument.dll
0x00007ffe93650000 - 0x00007ffe93675000 	C:\Program Files\Android\Android Studio\jbr\bin\java.dll
0x00007ffe93690000 - 0x00007ffe936a8000 	C:\Program Files\Android\Android Studio\jbr\bin\zip.dll
0x00007ffe9d360000 - 0x00007ffe9dbc7000 	C:\WINDOWS\System32\SHELL32.dll
0x00007ffe9a760000 - 0x00007ffe9b05f000 	C:\WINDOWS\SYSTEM32\windows.storage.dll
0x00007ffe9a620000 - 0x00007ffe9a75f000 	C:\WINDOWS\SYSTEM32\wintypes.dll
0x00007ffe9f110000 - 0x00007ffe9f209000 	C:\WINDOWS\System32\SHCORE.dll
0x00007ffe9e760000 - 0x00007ffe9e7be000 	C:\WINDOWS\System32\shlwapi.dll
0x00007ffe9c760000 - 0x00007ffe9c787000 	C:\WINDOWS\SYSTEM32\profapi.dll
0x00007ffe8a6b0000 - 0x00007ffe8a6c9000 	C:\Program Files\Android\Android Studio\jbr\bin\net.dll
0x00007ffe98f40000 - 0x00007ffe99076000 	C:\WINDOWS\SYSTEM32\WINHTTP.dll
0x00007ffe9bca0000 - 0x00007ffe9bd09000 	C:\WINDOWS\system32\mswsock.dll
0x00007ffe8a690000 - 0x00007ffe8a6a6000 	C:\Program Files\Android\Android Studio\jbr\bin\nio.dll
0x00007ffe8a670000 - 0x00007ffe8a680000 	C:\Program Files\Android\Android Studio\jbr\bin\verify.dll
0x00007ffe8a5c0000 - 0x00007ffe8a5e7000 	C:\Users\sirfe\.gradle\native\c067742578af261105cb4f569cf0c3c89f3d7b1fecec35dd04571415982c5e48\windows-amd64\native-platform.dll
0x00007ffe44a50000 - 0x00007ffe44b94000 	C:\Users\sirfe\.gradle\native\38dada09dfb8b06ba9b0570ebf7e218e3eb74d4ef43ca46872605cf95ebc2f47\windows-amd64\native-platform-file-events.dll
0x00007ffe8a680000 - 0x00007ffe8a689000 	C:\Program Files\Android\Android Studio\jbr\bin\management.dll
0x00007ffe8a5b0000 - 0x00007ffe8a5bb000 	C:\Program Files\Android\Android Studio\jbr\bin\management_ext.dll
0x00007ffe9d240000 - 0x00007ffe9d248000 	C:\WINDOWS\System32\PSAPI.DLL
0x00007ffe9bed0000 - 0x00007ffe9beeb000 	C:\WINDOWS\SYSTEM32\CRYPTSP.dll
0x00007ffe9b7a0000 - 0x00007ffe9b7d5000 	C:\WINDOWS\system32\rsaenh.dll
0x00007ffe9bd50000 - 0x00007ffe9bd78000 	C:\WINDOWS\SYSTEM32\USERENV.dll
0x00007ffe9bef0000 - 0x00007ffe9befc000 	C:\WINDOWS\SYSTEM32\CRYPTBASE.dll
0x00007ffe9b2c0000 - 0x00007ffe9b2ed000 	C:\WINDOWS\SYSTEM32\IPHLPAPI.DLL
0x00007ffe9e870000 - 0x00007ffe9e879000 	C:\WINDOWS\System32\NSI.dll
0x00007ffe98d30000 - 0x00007ffe98d49000 	C:\WINDOWS\SYSTEM32\dhcpcsvc6.DLL
0x00007ffe98d10000 - 0x00007ffe98d2f000 	C:\WINDOWS\SYSTEM32\dhcpcsvc.DLL
0x00007ffe9b330000 - 0x00007ffe9b428000 	C:\WINDOWS\SYSTEM32\DNSAPI.dll
0x00007ffe8bdb0000 - 0x00007ffe8bdb9000 	C:\Program Files\Android\Android Studio\jbr\bin\extnet.dll
0x00007ffe8a310000 - 0x00007ffe8a318000 	C:\WINDOWS\system32\wshunix.dll

dbghelp: loaded successfully - version: 4.0.5 - missing functions: none
symbol engine: initialized successfully - sym options: 0x614 - pdb path: .;C:\Program Files\Android\Android Studio\jbr\bin;C:\WINDOWS\SYSTEM32;C:\WINDOWS\WinSxS\amd64_microsoft.windows.common-controls_6595b64144ccf1df_6.0.22621.3672_none_2713b9d173822955;C:\Program Files\Android\Android Studio\jbr\bin\server;C:\Users\sirfe\.gradle\native\c067742578af261105cb4f569cf0c3c89f3d7b1fecec35dd04571415982c5e48\windows-amd64;C:\Users\sirfe\.gradle\native\38dada09dfb8b06ba9b0570ebf7e218e3eb74d4ef43ca46872605cf95ebc2f47\windows-amd64

VM Arguments:
jvm_args: --add-opens=java.base/java.util=ALL-UNNAMED --add-opens=java.base/java.lang=ALL-UNNAMED --add-opens=java.base/java.lang.invoke=ALL-UNNAMED --add-opens=java.prefs/java.util.prefs=ALL-UNNAMED --add-opens=java.base/java.nio.charset=ALL-UNNAMED --add-opens=java.base/java.net=ALL-UNNAMED --add-opens=java.base/java.util.concurrent.atomic=ALL-UNNAMED -Xmx2048m -Dfile.encoding=UTF-8 -Duser.country=PH -Duser.language=en -Duser.variant -javaagent:C:\Users\sirfe\.gradle\wrapper\dists\gradle-8.7-bin\bhs2wmbdwecv87pi65oeuq5iu\gradle-8.7\lib\agents\gradle-instrumentation-agent-8.7.jar 
java_command: org.gradle.launcher.daemon.bootstrap.GradleDaemon 8.7
java_class_path (initial): C:\Users\sirfe\.gradle\wrapper\dists\gradle-8.7-bin\bhs2wmbdwecv87pi65oeuq5iu\gradle-8.7\lib\gradle-launcher-8.7.jar
Launcher Type: SUN_STANDARD

[Global flags]
     intx CICompilerCount                          = 3                                         {product} {ergonomic}
     uint ConcGCThreads                            = 1                                         {product} {ergonomic}
     uint G1ConcRefinementThreads                  = 4                                         {product} {ergonomic}
   size_t G1HeapRegionSize                         = 1048576                                   {product} {ergonomic}
    uintx GCDrainStackTargetSize                   = 64                                        {product} {ergonomic}
   size_t InitialHeapSize                          = 62914560                                  {product} {ergonomic}
   size_t MarkStackSize                            = 4194304                                   {product} {ergonomic}
   size_t MaxHeapSize                              = 2147483648                                {product} {command line}
   size_t MaxNewSize                               = 1287651328                                {product} {ergonomic}
   size_t MinHeapDeltaBytes                        = 1048576                                   {product} {ergonomic}
   size_t MinHeapSize                              = 8388608                                   {product} {ergonomic}
    uintx NonNMethodCodeHeapSize                   = 5832780                                {pd product} {ergonomic}
    uintx NonProfiledCodeHeapSize                  = 122912730                              {pd product} {ergonomic}
    uintx ProfiledCodeHeapSize                     = 122912730                              {pd product} {ergonomic}
    uintx ReservedCodeCacheSize                    = 251658240                              {pd product} {ergonomic}
     bool SegmentedCodeCache                       = true                                      {product} {ergonomic}
   size_t SoftMaxHeapSize                          = 2147483648                             {manageable} {ergonomic}
     bool UseCompressedClassPointers               = true                           {product lp64_product} {ergonomic}
     bool UseCompressedOops                        = true                           {product lp64_product} {ergonomic}
     bool UseG1GC                                  = true                                      {product} {ergonomic}
     bool UseLargePagesIndividualAllocation        = false                                  {pd product} {ergonomic}

Logging:
Log output configuration:
 #0: stdout all=warning uptime,level,tags
 #1: stderr all=off uptime,level,tags

Environment Variables:
PATH=C:\WINDOWS\system32;C:\WINDOWS;C:\WINDOWS\System32\Wbem;C:\WINDOWS\System32\WindowsPowerShell\v1.0\;C:\WINDOWS\System32\OpenSSH\;C:\Program Files\dotnet\;C:\Program Files\Git\cmd;C:\Users\sirfe\AppData\Local\Microsoft\WindowsApps;;C:\Users\sirfe\AppData\Local\Programs\Microsoft VS Code\bin;C:\Program Files\JetBrains\PyCharm Community Edition 2023.3.3\bin;
USERNAME=Thea
OS=Windows_NT
PROCESSOR_IDENTIFIER=Intel64 Family 6 Model 126 Stepping 5, GenuineIntel
TMP=C:\Users\sirfe\AppData\Local\Temp
TEMP=C:\Users\sirfe\AppData\Local\Temp



Periodic native trim disabled

JNI global refs:
JNI global refs: 22, weak refs: 0

JNI global refs memory usage: 843, weak refs: 841

Process memory usage:
Resident Set Size: 89516K (2% of 3930488K total physical memory with 20596K free physical memory)

OOME stack traces (most recent first):
Classloader memory used:
Loader bootstrap                                                                       : 1898K
Loader org.gradle.internal.classloader.VisitableURLClassLoader                         : 1193K
Loader org.gradle.initialization.MixInLegacyTypesClassLoader                           : 101K
Loader jdk.internal.loader.ClassLoaders$AppClassLoader                                 : 28758B
Loader jdk.internal.loader.ClassLoaders$PlatformClassLoader                            : 15628B
Loader jdk.internal.reflect.DelegatingClassLoader                                      : 1397B

Classes loaded by more than one classloader:
Class org.gradle.internal.installation.GradleInstallation                             : loaded 2 times (x 73B)
Class org.gradle.internal.classpath.ClassPath                                         : loaded 2 times (x 68B)
Class org.gradle.api.internal.classpath.DefaultModuleRegistry                         : loaded 2 times (x 84B)
Class org.gradle.api.Action                                                           : loaded 2 times (x 68B)
Class org.gradle.api.internal.DefaultClassPathProvider                                : loaded 2 times (x 74B)
Class org.gradle.internal.installation.GradleInstallation$1                           : loaded 2 times (x 73B)
Class org.gradle.internal.classloader.FilteringClassLoader                            : loaded 2 times (x 103B)
Class org.gradle.internal.classpath.DefaultClassPath$ImmutableUniqueList$Builder      : loaded 2 times (x 73B)
Class org.gradle.internal.classloader.ClassLoaderVisitor                              : loaded 2 times (x 74B)
Class org.gradle.internal.service.DefaultServiceLocator                               : loaded 2 times (x 81B)
Class org.gradle.internal.service.UnknownServiceException                             : loaded 2 times (x 81B)
Class org.gradle.internal.classloader.DefaultClassLoaderFactory                       : loaded 2 times (x 80B)
Class org.gradle.internal.classloader.VisitableURLClassLoader$Spec                    : loaded 2 times (x 72B)
Class org.gradle.api.GradleException                                                  : loaded 2 times (x 80B)
Class org.gradle.api.internal.classpath.ModuleRegistry                                : loaded 2 times (x 68B)
Class org.gradle.api.internal.ClassPathProvider                                       : loaded 2 times (x 68B)
Class org.gradle.internal.classloader.ClasspathUtil$1                                 : loaded 2 times (x 74B)
Class org.gradle.internal.classloader.ClassLoaderFactory                              : loaded 2 times (x 68B)
Class org.gradle.api.internal.classpath.ManifestUtil                                  : loaded 2 times (x 69B)
Class org.gradle.api.specs.Spec                                                       : loaded 2 times (x 68B)
Class org.gradle.internal.IoActions                                                   : loaded 2 times (x 69B)
Class org.gradle.api.internal.classpath.EffectiveClassPath                            : loaded 2 times (x 88B)
Class org.gradle.internal.installation.CurrentGradleInstallation                      : loaded 2 times (x 71B)
Class org.gradle.internal.agents.InstrumentingClassLoader                             : loaded 2 times (x 68B)
Class org.gradle.internal.installation.CurrentGradleInstallationLocator               : loaded 2 times (x 69B)
Class org.gradle.api.internal.classpath.Module                                        : loaded 2 times (x 68B)
Class org.gradle.internal.service.CachingServiceLocator                               : loaded 2 times (x 80B)
Class org.gradle.internal.classpath.DefaultClassPath                                  : loaded 2 times (x 88B)
Class org.gradle.internal.classloader.SystemClassLoaderSpec                           : loaded 2 times (x 69B)
Class org.gradle.api.UncheckedIOException                                             : loaded 2 times (x 80B)
Class org.gradle.internal.classloader.ClasspathUtil                                   : loaded 2 times (x 69B)
Class org.gradle.api.internal.DefaultClassPathRegistry                                : loaded 2 times (x 74B)
Class org.gradle.api.internal.classpath.DefaultModuleRegistry$DefaultModule           : loaded 2 times (x 84B)
Class org.gradle.api.internal.classpath.UnknownModuleException                        : loaded 2 times (x 80B)
Class org.gradle.internal.service.ServiceLookupException                              : loaded 2 times (x 80B)
Class org.gradle.cache.GlobalCache                                                    : loaded 2 times (x 68B)
Class [Lorg.gradle.api.internal.ClassPathProvider;                                    : loaded 2 times (x 67B)
Class org.gradle.util.internal.GUtil                                                  : loaded 2 times (x 69B)
Class org.gradle.internal.classloader.ClassLoaderSpec                                 : loaded 2 times (x 69B)
Class org.gradle.internal.classloader.VisitableURLClassLoader                         : loaded 2 times (x 115B)
Class org.gradle.internal.Cast                                                        : loaded 2 times (x 69B)
Class org.gradle.api.internal.ClassPathRegistry                                       : loaded 2 times (x 68B)
Class org.gradle.internal.classloader.VisitableURLClassLoader$InstrumentingVisitableURLClassLoader: loaded 2 times (x 121B)
Class org.gradle.internal.classloader.ClassLoaderHierarchy                            : loaded 2 times (x 68B)
Class org.gradle.internal.InternalTransformer                                         : loaded 2 times (x 68B)
Class org.gradle.internal.service.ServiceLocator                                      : loaded 2 times (x 68B)
Class org.gradle.internal.classpath.DefaultClassPath$ImmutableUniqueList              : loaded 2 times (x 159B)
Class org.gradle.internal.classpath.TransformedClassPath                              : loaded 2 times (x 94B)


---------------  S Y S T E M  ---------------

OS:
 Windows 11 , 64 bit Build 22621 (10.0.22621.3958)
OS uptime: 12 days 0:48 hours
Hyper-V role detected

CPU: total 4 (initial active 4) (2 cores per cpu, 2 threads per core) family 6 model 126 stepping 5 microcode 0x86, cx8, cmov, fxsr, ht, mmx, 3dnowpref, sse, sse2, sse3, ssse3, sse4.1, sse4.2, popcnt, lzcnt, tsc, tscinvbit, avx, avx2, aes, erms, clmul, bmi1, bmi2, adx, avx512f, avx512dq, avx512cd, avx512bw, avx512vl, sha, fma, vzeroupper, avx512_vpopcntdq, avx512_vpclmulqdq, avx512_vaes, avx512_vnni, clflush, clflushopt, avx512_vbmi2, avx512_vbmi, hv
Processor Information for all 4 processors :
  Max Mhz: 1190, Current Mhz: 1190, Mhz Limit: 1190

Memory: 4k page, system-wide physical 3838M (22M free)
TotalPageFile size 15614M (AvailPageFile size 7M)
current process WorkingSet (physical memory assigned to process): 87M, peak: 108M
current process commit charge ("private bytes"): 192M, peak: 194M

vm_info: OpenJDK 64-Bit Server VM (17.0.11+0--11852314) for windows-amd64 JRE (17.0.11+0--11852314), built on May 16 2024 21:29:20 by "androidbuild" with MS VC++ 16.10 / 16.11 (VS2019)

END.
